{"/home/thales/Driven/driven-projects/projeto22-paws-4-life/back-end/src/app.ts": {"path":"/home/thales/Driven/driven-projects/projeto22-paws-4-life/back-end/src/app.ts","statementMap":{"0":{"start":{"line":7,"column":0},"end":{"line":7,"column":16}},"1":{"start":{"line":9,"column":12},"end":{"line":9,"column":21}},"2":{"start":{"line":11,"column":0},"end":{"line":11,"column":16}},"3":{"start":{"line":12,"column":0},"end":{"line":12,"column":16}},"4":{"start":{"line":13,"column":0},"end":{"line":13,"column":16}},"5":{"start":{"line":14,"column":0},"end":{"line":14,"column":22}}},"fnMap":{},"branchMap":{},"s":{"0":2,"1":2,"2":2,"3":2,"4":2,"5":2},"f":{},"b":{}}
,"/home/thales/Driven/driven-projects/projeto22-paws-4-life/back-end/src/config/database.ts": {"path":"/home/thales/Driven/driven-projects/projeto22-paws-4-life/back-end/src/config/database.ts","statementMap":{"0":{"start":{"line":3,"column":25},"end":{"line":3,"column":28}},"1":{"start":{"line":4,"column":22},"end":{"line":4,"column":40}}},"fnMap":{},"branchMap":{},"s":{"0":2,"1":2},"f":{},"b":{}}
,"/home/thales/Driven/driven-projects/projeto22-paws-4-life/back-end/src/config/error.ts": {"path":"/home/thales/Driven/driven-projects/projeto22-paws-4-life/back-end/src/config/error.ts","statementMap":{"0":{"start":{"line":13,"column":2},"end":{"line":13,"column":17}},"1":{"start":{"line":14,"column":2},"end":{"line":14,"column":31}},"2":{"start":{"line":15,"column":2},"end":{"line":15,"column":25}},"3":{"start":{"line":16,"column":2},"end":{"line":16,"column":23}}},"fnMap":{"0":{"name":"(anonymous_0)","decl":{"start":{"line":7,"column":1},"end":{"line":7,"column":null}},"loc":{"start":{"line":11,"column":49},"end":{"line":17,"column":2}}}},"branchMap":{"0":{"loc":{"start":{"line":8,"column":2},"end":{"line":8,"column":38}},"type":"default-arg","locations":[{"start":{"line":8,"column":16},"end":{"line":8,"column":38}}]},"1":{"loc":{"start":{"line":9,"column":2},"end":{"line":9,"column":26}},"type":"default-arg","locations":[{"start":{"line":9,"column":23},"end":{"line":9,"column":26}}]},"2":{"loc":{"start":{"line":10,"column":2},"end":{"line":10,"column":42}},"type":"default-arg","locations":[{"start":{"line":10,"column":20},"end":{"line":10,"column":42}}]},"3":{"loc":{"start":{"line":11,"column":2},"end":{"line":11,"column":49}},"type":"default-arg","locations":[{"start":{"line":11,"column":19},"end":{"line":11,"column":49}}]}},"s":{"0":4,"1":4,"2":4,"3":4},"f":{"0":4},"b":{"0":[0],"1":[0],"2":[0],"3":[0]}}
,"/home/thales/Driven/driven-projects/projeto22-paws-4-life/back-end/src/controllers/authController.ts": {"path":"/home/thales/Driven/driven-projects/projeto22-paws-4-life/back-end/src/controllers/authController.ts","statementMap":{"0":{"start":{"line":5,"column":22},"end":{"line":10,"column":2}},"1":{"start":{"line":5,"column":60},"end":{"line":10,"column":2}},"2":{"start":{"line":6,"column":35},"end":{"line":6,"column":59}},"3":{"start":{"line":7,"column":18},"end":{"line":7,"column":43}},"4":{"start":{"line":8,"column":1},"end":{"line":8,"column":36}},"5":{"start":{"line":9,"column":1},"end":{"line":9,"column":51}},"6":{"start":{"line":12,"column":22},"end":{"line":16,"column":2}},"7":{"start":{"line":12,"column":60},"end":{"line":16,"column":2}},"8":{"start":{"line":13,"column":20},"end":{"line":13,"column":42}},"9":{"start":{"line":14,"column":18},"end":{"line":14,"column":54}},"10":{"start":{"line":15,"column":1},"end":{"line":15,"column":32}}},"fnMap":{"0":{"name":"(anonymous_7)","decl":{"start":{"line":5,"column":22},"end":{"line":5,"column":29}},"loc":{"start":{"line":5,"column":60},"end":{"line":10,"column":2}}},"1":{"name":"(anonymous_8)","decl":{"start":{"line":5,"column":60},"end":{"line":5,"column":null}},"loc":{"start":{"line":5,"column":60},"end":{"line":10,"column":1}}},"2":{"name":"(anonymous_9)","decl":{"start":{"line":12,"column":22},"end":{"line":12,"column":29}},"loc":{"start":{"line":12,"column":60},"end":{"line":16,"column":2}}},"3":{"name":"(anonymous_10)","decl":{"start":{"line":12,"column":60},"end":{"line":12,"column":null}},"loc":{"start":{"line":12,"column":60},"end":{"line":16,"column":1}}}},"branchMap":{},"s":{"0":2,"1":2,"2":2,"3":2,"4":2,"5":1,"6":2,"7":3,"8":3,"9":3,"10":1},"f":{"0":2,"1":2,"2":3,"3":3},"b":{}}
,"/home/thales/Driven/driven-projects/projeto22-paws-4-life/back-end/src/controllers/ongController.ts": {"path":"/home/thales/Driven/driven-projects/projeto22-paws-4-life/back-end/src/controllers/ongController.ts","statementMap":{"0":{"start":{"line":5,"column":27},"end":{"line":9,"column":2}},"1":{"start":{"line":5,"column":65},"end":{"line":9,"column":2}},"2":{"start":{"line":6,"column":26},"end":{"line":6,"column":34}},"3":{"start":{"line":7,"column":1},"end":{"line":7,"column":34}},"4":{"start":{"line":8,"column":1},"end":{"line":8,"column":50}},"5":{"start":{"line":11,"column":23},"end":{"line":14,"column":2}},"6":{"start":{"line":11,"column":61},"end":{"line":14,"column":2}},"7":{"start":{"line":12,"column":14},"end":{"line":12,"column":39}},"8":{"start":{"line":13,"column":1},"end":{"line":13,"column":28}}},"fnMap":{"0":{"name":"(anonymous_7)","decl":{"start":{"line":5,"column":27},"end":{"line":5,"column":34}},"loc":{"start":{"line":5,"column":65},"end":{"line":9,"column":2}}},"1":{"name":"(anonymous_8)","decl":{"start":{"line":5,"column":65},"end":{"line":5,"column":null}},"loc":{"start":{"line":5,"column":65},"end":{"line":9,"column":1}}},"2":{"name":"(anonymous_9)","decl":{"start":{"line":11,"column":23},"end":{"line":11,"column":30}},"loc":{"start":{"line":11,"column":61},"end":{"line":14,"column":2}}},"3":{"name":"(anonymous_10)","decl":{"start":{"line":11,"column":61},"end":{"line":11,"column":null}},"loc":{"start":{"line":11,"column":61},"end":{"line":14,"column":1}}}},"branchMap":{},"s":{"0":2,"1":3,"2":3,"3":3,"4":2,"5":2,"6":0,"7":0,"8":0},"f":{"0":3,"1":3,"2":0,"3":0},"b":{}}
,"/home/thales/Driven/driven-projects/projeto22-paws-4-life/back-end/src/controllers/postController.ts": {"path":"/home/thales/Driven/driven-projects/projeto22-paws-4-life/back-end/src/controllers/postController.ts","statementMap":{"0":{"start":{"line":5,"column":26},"end":{"line":24,"column":2}},"1":{"start":{"line":5,"column":64},"end":{"line":24,"column":2}},"2":{"start":{"line":6,"column":22},"end":{"line":6,"column":46}},"3":{"start":{"line":7,"column":33},"end":{"line":7,"column":54}},"4":{"start":{"line":8,"column":44},"end":{"line":8,"column":56}},"5":{"start":{"line":9,"column":20},"end":{"line":9,"column":39}},"6":{"start":{"line":10,"column":20},"end":{"line":13,"column":3}},"7":{"start":{"line":14,"column":34},"end":{"line":21,"column":3}},"8":{"start":{"line":22,"column":1},"end":{"line":22,"column":36}},"9":{"start":{"line":23,"column":1},"end":{"line":23,"column":21}},"10":{"start":{"line":26,"column":24},"end":{"line":29,"column":2}},"11":{"start":{"line":26,"column":62},"end":{"line":29,"column":2}},"12":{"start":{"line":27,"column":14},"end":{"line":27,"column":45}},"13":{"start":{"line":28,"column":1},"end":{"line":28,"column":28}}},"fnMap":{"0":{"name":"(anonymous_7)","decl":{"start":{"line":5,"column":26},"end":{"line":5,"column":33}},"loc":{"start":{"line":5,"column":64},"end":{"line":24,"column":2}}},"1":{"name":"(anonymous_8)","decl":{"start":{"line":5,"column":64},"end":{"line":5,"column":null}},"loc":{"start":{"line":5,"column":64},"end":{"line":24,"column":1}}},"2":{"name":"(anonymous_9)","decl":{"start":{"line":26,"column":24},"end":{"line":26,"column":31}},"loc":{"start":{"line":26,"column":62},"end":{"line":29,"column":2}}},"3":{"name":"(anonymous_10)","decl":{"start":{"line":26,"column":62},"end":{"line":26,"column":null}},"loc":{"start":{"line":26,"column":62},"end":{"line":29,"column":1}}}},"branchMap":{},"s":{"0":2,"1":0,"2":0,"3":0,"4":0,"5":0,"6":0,"7":0,"8":0,"9":0,"10":2,"11":0,"12":0,"13":0},"f":{"0":0,"1":0,"2":0,"3":0},"b":{}}
,"/home/thales/Driven/driven-projects/projeto22-paws-4-life/back-end/src/middlewares/errorHandlerMiddleware.ts": {"path":"/home/thales/Driven/driven-projects/projeto22-paws-4-life/back-end/src/middlewares/errorHandlerMiddleware.ts","statementMap":{"0":{"start":{"line":11,"column":46},"end":{"line":11,"column":51}},"1":{"start":{"line":13,"column":1},"end":{"line":18,"column":7}}},"fnMap":{"0":{"name":"errorHandler","decl":{"start":{"line":5,"column":9},"end":{"line":5,"column":21}},"loc":{"start":{"line":9,"column":19},"end":{"line":19,"column":1}}}},"branchMap":{"0":{"loc":{"start":{"line":13,"column":8},"end":{"line":18,"column":6}},"type":"cond-expr","locations":[{"start":{"line":14,"column":4},"end":{"line":14,"column":52}},{"start":{"line":15,"column":4},"end":{"line":18,"column":6}}]}},"s":{"0":4,"1":4},"f":{"0":4},"b":{"0":[4,0]}}
,"/home/thales/Driven/driven-projects/projeto22-paws-4-life/back-end/src/middlewares/validateBearerTokenMiddleware.ts": {"path":"/home/thales/Driven/driven-projects/projeto22-paws-4-life/back-end/src/middlewares/validateBearerTokenMiddleware.ts","statementMap":{"0":{"start":{"line":7,"column":38},"end":{"line":31,"column":1}},"1":{"start":{"line":12,"column":19},"end":{"line":14,"column":3}},"2":{"start":{"line":15,"column":1},"end":{"line":22,"column":null}},"3":{"start":{"line":16,"column":2},"end":{"line":21,"column":4}},"4":{"start":{"line":20,"column":33},"end":{"line":20,"column":47}},"5":{"start":{"line":23,"column":1},"end":{"line":30,"column":null}},"6":{"start":{"line":24,"column":16},"end":{"line":24,"column":55}},"7":{"start":{"line":25,"column":19},"end":{"line":25,"column":39}},"8":{"start":{"line":26,"column":2},"end":{"line":26,"column":33}},"9":{"start":{"line":27,"column":2},"end":{"line":27,"column":9}},"10":{"start":{"line":29,"column":2},"end":{"line":29,"column":49}}},"fnMap":{"0":{"name":"(anonymous_0)","decl":{"start":{"line":7,"column":38},"end":{"line":7,"column":null}},"loc":{"start":{"line":11,"column":4},"end":{"line":31,"column":1}}},"1":{"name":"(anonymous_1)","decl":{"start":{"line":20,"column":21},"end":{"line":20,"column":22}},"loc":{"start":{"line":20,"column":33},"end":{"line":20,"column":47}}}},"branchMap":{"0":{"loc":{"start":{"line":15,"column":1},"end":{"line":22,"column":null}},"type":"if","locations":[{"start":{"line":15,"column":1},"end":{"line":22,"column":null}}]}},"s":{"0":2,"1":0,"2":0,"3":0,"4":0,"5":0,"6":0,"7":0,"8":0,"9":0,"10":0},"f":{"0":0,"1":0},"b":{"0":[0]}}
,"/home/thales/Driven/driven-projects/projeto22-paws-4-life/back-end/src/middlewares/validateSchemaMiddleware.ts": {"path":"/home/thales/Driven/driven-projects/projeto22-paws-4-life/back-end/src/middlewares/validateSchemaMiddleware.ts","statementMap":{"0":{"start":{"line":7,"column":1},"end":{"line":18,"column":3}},"1":{"start":{"line":8,"column":20},"end":{"line":8,"column":63}},"2":{"start":{"line":9,"column":2},"end":{"line":16,"column":null}},"3":{"start":{"line":10,"column":3},"end":{"line":15,"column":5}},"4":{"start":{"line":14,"column":34},"end":{"line":14,"column":48}},"5":{"start":{"line":17,"column":2},"end":{"line":17,"column":9}}},"fnMap":{"0":{"name":"validadeSchemaMiddleware","decl":{"start":{"line":6,"column":9},"end":{"line":6,"column":33}},"loc":{"start":{"line":6,"column":48},"end":{"line":19,"column":1}}},"1":{"name":"(anonymous_1)","decl":{"start":{"line":7,"column":8},"end":{"line":7,"column":9}},"loc":{"start":{"line":7,"column":60},"end":{"line":18,"column":2}}},"2":{"name":"(anonymous_2)","decl":{"start":{"line":14,"column":22},"end":{"line":14,"column":23}},"loc":{"start":{"line":14,"column":34},"end":{"line":14,"column":48}}}},"branchMap":{"0":{"loc":{"start":{"line":9,"column":2},"end":{"line":16,"column":null}},"type":"if","locations":[{"start":{"line":9,"column":2},"end":{"line":16,"column":null}}]}},"s":{"0":8,"1":8,"2":8,"3":0,"4":0,"5":8},"f":{"0":8,"1":8,"2":0},"b":{"0":[0]}}
,"/home/thales/Driven/driven-projects/projeto22-paws-4-life/back-end/src/repositories/ongRepository.ts": {"path":"/home/thales/Driven/driven-projects/projeto22-paws-4-life/back-end/src/repositories/ongRepository.ts","statementMap":{"0":{"start":{"line":4,"column":19},"end":{"line":10,"column":2}},"1":{"start":{"line":4,"column":43},"end":{"line":10,"column":2}},"2":{"start":{"line":5,"column":1},"end":{"line":9,"column":4}},"3":{"start":{"line":12,"column":15},"end":{"line":20,"column":2}},"4":{"start":{"line":12,"column":42},"end":{"line":20,"column":2}},"5":{"start":{"line":13,"column":1},"end":{"line":19,"column":null}},"6":{"start":{"line":14,"column":15},"end":{"line":16,"column":4}},"7":{"start":{"line":18,"column":2},"end":{"line":18,"column":42}},"8":{"start":{"line":22,"column":15},"end":{"line":24,"column":2}},"9":{"start":{"line":22,"column":26},"end":{"line":24,"column":2}},"10":{"start":{"line":23,"column":1},"end":{"line":23,"column":30}}},"fnMap":{"0":{"name":"(anonymous_7)","decl":{"start":{"line":4,"column":19},"end":{"line":4,"column":26}},"loc":{"start":{"line":4,"column":43},"end":{"line":10,"column":2}}},"1":{"name":"(anonymous_8)","decl":{"start":{"line":4,"column":43},"end":{"line":4,"column":null}},"loc":{"start":{"line":4,"column":43},"end":{"line":10,"column":1}}},"2":{"name":"(anonymous_9)","decl":{"start":{"line":12,"column":15},"end":{"line":12,"column":22}},"loc":{"start":{"line":12,"column":42},"end":{"line":20,"column":2}}},"3":{"name":"(anonymous_10)","decl":{"start":{"line":12,"column":42},"end":{"line":12,"column":null}},"loc":{"start":{"line":12,"column":42},"end":{"line":20,"column":1}}},"4":{"name":"(anonymous_11)","decl":{"start":{"line":22,"column":15},"end":{"line":22,"column":24}},"loc":{"start":{"line":22,"column":26},"end":{"line":24,"column":2}}},"5":{"name":"(anonymous_12)","decl":{"start":{"line":22,"column":26},"end":{"line":22,"column":null}},"loc":{"start":{"line":22,"column":26},"end":{"line":24,"column":1}}}},"branchMap":{},"s":{"0":2,"1":3,"2":3,"3":2,"4":2,"5":2,"6":2,"7":0,"8":2,"9":0,"10":0},"f":{"0":3,"1":3,"2":2,"3":2,"4":0,"5":0},"b":{}}
,"/home/thales/Driven/driven-projects/projeto22-paws-4-life/back-end/src/repositories/postRepository.ts": {"path":"/home/thales/Driven/driven-projects/projeto22-paws-4-life/back-end/src/repositories/postRepository.ts","statementMap":{"0":{"start":{"line":4,"column":15},"end":{"line":12,"column":2}},"1":{"start":{"line":4,"column":50},"end":{"line":12,"column":2}},"2":{"start":{"line":5,"column":1},"end":{"line":11,"column":null}},"3":{"start":{"line":6,"column":2},"end":{"line":8,"column":5}},"4":{"start":{"line":10,"column":2},"end":{"line":10,"column":42}},"5":{"start":{"line":14,"column":29},"end":{"line":18,"column":2}},"6":{"start":{"line":14,"column":74},"end":{"line":18,"column":2}},"7":{"start":{"line":15,"column":1},"end":{"line":17,"column":4}},"8":{"start":{"line":20,"column":20},"end":{"line":26,"column":2}},"9":{"start":{"line":20,"column":31},"end":{"line":26,"column":2}},"10":{"start":{"line":21,"column":1},"end":{"line":25,"column":4}}},"fnMap":{"0":{"name":"(anonymous_7)","decl":{"start":{"line":4,"column":15},"end":{"line":4,"column":22}},"loc":{"start":{"line":4,"column":50},"end":{"line":12,"column":2}}},"1":{"name":"(anonymous_8)","decl":{"start":{"line":4,"column":50},"end":{"line":4,"column":null}},"loc":{"start":{"line":4,"column":50},"end":{"line":12,"column":1}}},"2":{"name":"(anonymous_9)","decl":{"start":{"line":14,"column":29},"end":{"line":14,"column":36}},"loc":{"start":{"line":14,"column":74},"end":{"line":18,"column":2}}},"3":{"name":"(anonymous_10)","decl":{"start":{"line":14,"column":74},"end":{"line":14,"column":null}},"loc":{"start":{"line":14,"column":74},"end":{"line":18,"column":1}}},"4":{"name":"(anonymous_11)","decl":{"start":{"line":20,"column":20},"end":{"line":20,"column":29}},"loc":{"start":{"line":20,"column":31},"end":{"line":26,"column":2}}},"5":{"name":"(anonymous_12)","decl":{"start":{"line":20,"column":31},"end":{"line":20,"column":null}},"loc":{"start":{"line":20,"column":31},"end":{"line":26,"column":1}}}},"branchMap":{},"s":{"0":2,"1":0,"2":0,"3":0,"4":0,"5":2,"6":0,"7":0,"8":2,"9":0,"10":0},"f":{"0":0,"1":0,"2":0,"3":0,"4":0,"5":0},"b":{}}
,"/home/thales/Driven/driven-projects/projeto22-paws-4-life/back-end/src/repositories/userRepository.ts": {"path":"/home/thales/Driven/driven-projects/projeto22-paws-4-life/back-end/src/repositories/userRepository.ts","statementMap":{"0":{"start":{"line":4,"column":15},"end":{"line":8,"column":2}},"1":{"start":{"line":4,"column":40},"end":{"line":8,"column":2}},"2":{"start":{"line":5,"column":1},"end":{"line":7,"column":4}},"3":{"start":{"line":10,"column":19},"end":{"line":16,"column":2}},"4":{"start":{"line":10,"column":43},"end":{"line":16,"column":2}},"5":{"start":{"line":11,"column":1},"end":{"line":15,"column":4}},"6":{"start":{"line":18,"column":20},"end":{"line":24,"column":2}},"7":{"start":{"line":18,"column":45},"end":{"line":24,"column":2}},"8":{"start":{"line":19,"column":1},"end":{"line":23,"column":4}}},"fnMap":{"0":{"name":"(anonymous_7)","decl":{"start":{"line":4,"column":15},"end":{"line":4,"column":22}},"loc":{"start":{"line":4,"column":40},"end":{"line":8,"column":2}}},"1":{"name":"(anonymous_8)","decl":{"start":{"line":4,"column":40},"end":{"line":4,"column":null}},"loc":{"start":{"line":4,"column":40},"end":{"line":8,"column":1}}},"2":{"name":"(anonymous_9)","decl":{"start":{"line":10,"column":19},"end":{"line":10,"column":26}},"loc":{"start":{"line":10,"column":43},"end":{"line":16,"column":2}}},"3":{"name":"(anonymous_10)","decl":{"start":{"line":10,"column":43},"end":{"line":10,"column":null}},"loc":{"start":{"line":10,"column":43},"end":{"line":16,"column":1}}},"4":{"name":"(anonymous_11)","decl":{"start":{"line":18,"column":20},"end":{"line":18,"column":27}},"loc":{"start":{"line":18,"column":45},"end":{"line":24,"column":2}}},"5":{"name":"(anonymous_12)","decl":{"start":{"line":18,"column":45},"end":{"line":18,"column":null}},"loc":{"start":{"line":18,"column":45},"end":{"line":24,"column":1}}}},"branchMap":{},"s":{"0":2,"1":1,"2":1,"3":2,"4":5,"5":5,"6":2,"7":0,"8":0},"f":{"0":1,"1":1,"2":5,"3":5,"4":0,"5":0},"b":{}}
,"/home/thales/Driven/driven-projects/projeto22-paws-4-life/back-end/src/routers/authRouter.ts": {"path":"/home/thales/Driven/driven-projects/projeto22-paws-4-life/back-end/src/routers/authRouter.ts","statementMap":{"0":{"start":{"line":6,"column":19},"end":{"line":6,"column":27}},"1":{"start":{"line":8,"column":0},"end":{"line":12,"column":2}},"2":{"start":{"line":13,"column":0},"end":{"line":17,"column":2}}},"fnMap":{},"branchMap":{},"s":{"0":2,"1":2,"2":2},"f":{},"b":{}}
,"/home/thales/Driven/driven-projects/projeto22-paws-4-life/back-end/src/routers/index.ts": {"path":"/home/thales/Driven/driven-projects/projeto22-paws-4-life/back-end/src/routers/index.ts","statementMap":{"0":{"start":{"line":6,"column":15},"end":{"line":6,"column":23}},"1":{"start":{"line":8,"column":0},"end":{"line":8,"column":23}},"2":{"start":{"line":9,"column":0},"end":{"line":9,"column":23}},"3":{"start":{"line":10,"column":0},"end":{"line":10,"column":23}}},"fnMap":{},"branchMap":{},"s":{"0":2,"1":2,"2":2,"3":2},"f":{},"b":{}}
,"/home/thales/Driven/driven-projects/projeto22-paws-4-life/back-end/src/routers/ongRouter.ts": {"path":"/home/thales/Driven/driven-projects/projeto22-paws-4-life/back-end/src/routers/ongRouter.ts","statementMap":{"0":{"start":{"line":7,"column":19},"end":{"line":7,"column":27}},"1":{"start":{"line":9,"column":0},"end":{"line":13,"column":2}},"2":{"start":{"line":15,"column":0},"end":{"line":15,"column":78}}},"fnMap":{},"branchMap":{},"s":{"0":2,"1":2,"2":2},"f":{},"b":{}}
,"/home/thales/Driven/driven-projects/projeto22-paws-4-life/back-end/src/routers/postRouter.ts": {"path":"/home/thales/Driven/driven-projects/projeto22-paws-4-life/back-end/src/routers/postRouter.ts","statementMap":{"0":{"start":{"line":7,"column":19},"end":{"line":7,"column":27}},"1":{"start":{"line":9,"column":0},"end":{"line":9,"column":46}},"2":{"start":{"line":10,"column":0},"end":{"line":14,"column":2}},"3":{"start":{"line":15,"column":0},"end":{"line":15,"column":49}}},"fnMap":{},"branchMap":{},"s":{"0":2,"1":2,"2":2,"3":2},"f":{},"b":{}}
,"/home/thales/Driven/driven-projects/projeto22-paws-4-life/back-end/src/schemas/authSchema.ts": {"path":"/home/thales/Driven/driven-projects/projeto22-paws-4-life/back-end/src/schemas/authSchema.ts","statementMap":{"0":{"start":{"line":3,"column":25},"end":{"line":6,"column":13}},"1":{"start":{"line":8,"column":21},"end":{"line":10,"column":34}},"2":{"start":{"line":12,"column":25},"end":{"line":17,"column":13}},"3":{"start":{"line":19,"column":21},"end":{"line":21,"column":34}}},"fnMap":{},"branchMap":{},"s":{"0":2,"1":2,"2":2,"3":2},"f":{},"b":{}}
,"/home/thales/Driven/driven-projects/projeto22-paws-4-life/back-end/src/schemas/bearerAuthorizationSchema.ts": {"path":"/home/thales/Driven/driven-projects/projeto22-paws-4-life/back-end/src/schemas/bearerAuthorizationSchema.ts","statementMap":{"0":{"start":{"line":3,"column":34},"end":{"line":7,"column":34}}},"fnMap":{},"branchMap":{},"s":{"0":2},"f":{},"b":{}}
,"/home/thales/Driven/driven-projects/projeto22-paws-4-life/back-end/src/schemas/ongSchema.ts": {"path":"/home/thales/Driven/driven-projects/projeto22-paws-4-life/back-end/src/schemas/ongSchema.ts","statementMap":{"0":{"start":{"line":4,"column":1},"end":{"line":4,"column":77}},"1":{"start":{"line":6,"column":22},"end":{"line":12,"column":13}},"2":{"start":{"line":14,"column":18},"end":{"line":16,"column":34}}},"fnMap":{},"branchMap":{},"s":{"0":2,"1":2,"2":2},"f":{},"b":{}}
,"/home/thales/Driven/driven-projects/projeto22-paws-4-life/back-end/src/schemas/postSchema.ts": {"path":"/home/thales/Driven/driven-projects/projeto22-paws-4-life/back-end/src/schemas/postSchema.ts","statementMap":{"0":{"start":{"line":3,"column":23},"end":{"line":14,"column":13}},"1":{"start":{"line":16,"column":19},"end":{"line":18,"column":34}}},"fnMap":{},"branchMap":{},"s":{"0":2,"1":2},"f":{},"b":{}}
,"/home/thales/Driven/driven-projects/projeto22-paws-4-life/back-end/src/services/authService.ts": {"path":"/home/thales/Driven/driven-projects/projeto22-paws-4-life/back-end/src/services/authService.ts","statementMap":{"0":{"start":{"line":7,"column":22},"end":{"line":20,"column":2}},"1":{"start":{"line":7,"column":51},"end":{"line":20,"column":2}},"2":{"start":{"line":8,"column":29},"end":{"line":8,"column":37}},"3":{"start":{"line":9,"column":14},"end":{"line":9,"column":52}},"4":{"start":{"line":10,"column":1},"end":{"line":17,"column":null}},"5":{"start":{"line":11,"column":2},"end":{"line":16,"column":4}},"6":{"start":{"line":18,"column":27},"end":{"line":18,"column":55}},"7":{"start":{"line":19,"column":1},"end":{"line":19,"column":75}},"8":{"start":{"line":22,"column":22},"end":{"line":47,"column":2}},"9":{"start":{"line":22,"column":55},"end":{"line":47,"column":2}},"10":{"start":{"line":23,"column":29},"end":{"line":23,"column":39}},"11":{"start":{"line":24,"column":14},"end":{"line":24,"column":52}},"12":{"start":{"line":25,"column":1},"end":{"line":32,"column":null}},"13":{"start":{"line":26,"column":2},"end":{"line":31,"column":4}},"14":{"start":{"line":33,"column":25},"end":{"line":35,"column":null}},"15":{"start":{"line":37,"column":1},"end":{"line":44,"column":null}},"16":{"start":{"line":38,"column":2},"end":{"line":43,"column":4}},"17":{"start":{"line":45,"column":22},"end":{"line":45,"column":26}},"18":{"start":{"line":46,"column":1},"end":{"line":46,"column":74}}},"fnMap":{"0":{"name":"(anonymous_7)","decl":{"start":{"line":7,"column":22},"end":{"line":7,"column":29}},"loc":{"start":{"line":7,"column":51},"end":{"line":20,"column":2}}},"1":{"name":"(anonymous_8)","decl":{"start":{"line":7,"column":51},"end":{"line":7,"column":null}},"loc":{"start":{"line":7,"column":51},"end":{"line":20,"column":1}}},"2":{"name":"(anonymous_9)","decl":{"start":{"line":22,"column":22},"end":{"line":22,"column":29}},"loc":{"start":{"line":22,"column":55},"end":{"line":47,"column":2}}},"3":{"name":"(anonymous_10)","decl":{"start":{"line":22,"column":55},"end":{"line":22,"column":null}},"loc":{"start":{"line":22,"column":55},"end":{"line":47,"column":1}}}},"branchMap":{"0":{"loc":{"start":{"line":10,"column":1},"end":{"line":17,"column":null}},"type":"if","locations":[{"start":{"line":10,"column":1},"end":{"line":17,"column":null}}]},"1":{"loc":{"start":{"line":25,"column":1},"end":{"line":32,"column":null}},"type":"if","locations":[{"start":{"line":25,"column":1},"end":{"line":32,"column":null}}]},"2":{"loc":{"start":{"line":37,"column":1},"end":{"line":44,"column":null}},"type":"if","locations":[{"start":{"line":37,"column":1},"end":{"line":44,"column":null}}]}},"s":{"0":2,"1":2,"2":2,"3":2,"4":2,"5":1,"6":1,"7":1,"8":2,"9":3,"10":3,"11":3,"12":3,"13":1,"14":2,"15":2,"16":1,"17":1,"18":1},"f":{"0":2,"1":2,"2":3,"3":3},"b":{"0":[1],"1":[1],"2":[1]}}
,"/home/thales/Driven/driven-projects/projeto22-paws-4-life/back-end/src/services/ongService.ts": {"path":"/home/thales/Driven/driven-projects/projeto22-paws-4-life/back-end/src/services/ongService.ts","statementMap":{"0":{"start":{"line":5,"column":22},"end":{"line":17,"column":2}},"1":{"start":{"line":5,"column":49},"end":{"line":17,"column":2}},"2":{"start":{"line":6,"column":19},"end":{"line":6,"column":26}},"3":{"start":{"line":7,"column":13},"end":{"line":7,"column":50}},"4":{"start":{"line":8,"column":1},"end":{"line":15,"column":null}},"5":{"start":{"line":9,"column":2},"end":{"line":14,"column":4}},"6":{"start":{"line":16,"column":1},"end":{"line":16,"column":37}},"7":{"start":{"line":19,"column":22},"end":{"line":22,"column":2}},"8":{"start":{"line":19,"column":33},"end":{"line":22,"column":2}},"9":{"start":{"line":20,"column":14},"end":{"line":20,"column":42}},"10":{"start":{"line":21,"column":1},"end":{"line":21,"column":13}}},"fnMap":{"0":{"name":"(anonymous_7)","decl":{"start":{"line":5,"column":22},"end":{"line":5,"column":29}},"loc":{"start":{"line":5,"column":49},"end":{"line":17,"column":2}}},"1":{"name":"(anonymous_8)","decl":{"start":{"line":5,"column":49},"end":{"line":5,"column":null}},"loc":{"start":{"line":5,"column":49},"end":{"line":17,"column":1}}},"2":{"name":"(anonymous_9)","decl":{"start":{"line":19,"column":22},"end":{"line":19,"column":31}},"loc":{"start":{"line":19,"column":33},"end":{"line":22,"column":2}}},"3":{"name":"(anonymous_10)","decl":{"start":{"line":19,"column":33},"end":{"line":19,"column":null}},"loc":{"start":{"line":19,"column":33},"end":{"line":22,"column":1}}}},"branchMap":{"0":{"loc":{"start":{"line":8,"column":1},"end":{"line":15,"column":null}},"type":"if","locations":[{"start":{"line":8,"column":1},"end":{"line":15,"column":null}}]}},"s":{"0":2,"1":3,"2":3,"3":3,"4":3,"5":1,"6":2,"7":2,"8":0,"9":0,"10":0},"f":{"0":3,"1":3,"2":0,"3":0},"b":{"0":[1]}}
,"/home/thales/Driven/driven-projects/projeto22-paws-4-life/back-end/src/services/postService.ts": {"path":"/home/thales/Driven/driven-projects/projeto22-paws-4-life/back-end/src/services/postService.ts","statementMap":{"0":{"start":{"line":4,"column":22},"end":{"line":6,"column":2}},"1":{"start":{"line":4,"column":57},"end":{"line":6,"column":2}},"2":{"start":{"line":5,"column":1},"end":{"line":5,"column":39}},"3":{"start":{"line":8,"column":36},"end":{"line":13,"column":2}},"4":{"start":{"line":10,"column":4},"end":{"line":13,"column":2}},"5":{"start":{"line":11,"column":16},"end":{"line":11,"column":75}},"6":{"start":{"line":12,"column":1},"end":{"line":12,"column":11}},"7":{"start":{"line":15,"column":27},"end":{"line":18,"column":2}},"8":{"start":{"line":15,"column":38},"end":{"line":18,"column":2}},"9":{"start":{"line":16,"column":15},"end":{"line":16,"column":49}},"10":{"start":{"line":17,"column":1},"end":{"line":17,"column":14}}},"fnMap":{"0":{"name":"(anonymous_7)","decl":{"start":{"line":4,"column":22},"end":{"line":4,"column":29}},"loc":{"start":{"line":4,"column":57},"end":{"line":6,"column":2}}},"1":{"name":"(anonymous_8)","decl":{"start":{"line":4,"column":57},"end":{"line":4,"column":null}},"loc":{"start":{"line":4,"column":57},"end":{"line":6,"column":1}}},"2":{"name":"(anonymous_9)","decl":{"start":{"line":8,"column":36},"end":{"line":8,"column":null}},"loc":{"start":{"line":10,"column":4},"end":{"line":13,"column":2}}},"3":{"name":"(anonymous_10)","decl":{"start":{"line":10,"column":4},"end":{"line":10,"column":null}},"loc":{"start":{"line":10,"column":4},"end":{"line":13,"column":1}}},"4":{"name":"(anonymous_11)","decl":{"start":{"line":15,"column":27},"end":{"line":15,"column":36}},"loc":{"start":{"line":15,"column":38},"end":{"line":18,"column":2}}},"5":{"name":"(anonymous_12)","decl":{"start":{"line":15,"column":38},"end":{"line":15,"column":null}},"loc":{"start":{"line":15,"column":38},"end":{"line":18,"column":1}}}},"branchMap":{},"s":{"0":2,"1":0,"2":0,"3":2,"4":0,"5":0,"6":0,"7":2,"8":0,"9":0,"10":0},"f":{"0":0,"1":0,"2":0,"3":0,"4":0,"5":0},"b":{}}
,"/home/thales/Driven/driven-projects/projeto22-paws-4-life/back-end/src/utils/JWT.ts": {"path":"/home/thales/Driven/driven-projects/projeto22-paws-4-life/back-end/src/utils/JWT.ts","statementMap":{"0":{"start":{"line":3,"column":29},"end":{"line":7,"column":1}},"1":{"start":{"line":4,"column":1},"end":{"line":6,"column":4}},"2":{"start":{"line":9,"column":29},"end":{"line":11,"column":1}},"3":{"start":{"line":10,"column":1},"end":{"line":10,"column":50}}},"fnMap":{"0":{"name":"(anonymous_0)","decl":{"start":{"line":3,"column":29},"end":{"line":3,"column":30}},"loc":{"start":{"line":3,"column":77},"end":{"line":7,"column":1}}},"1":{"name":"(anonymous_1)","decl":{"start":{"line":9,"column":29},"end":{"line":9,"column":30}},"loc":{"start":{"line":9,"column":47},"end":{"line":11,"column":1}}}},"branchMap":{},"s":{"0":2,"1":1,"2":2,"3":0},"f":{"0":1,"1":0},"b":{}}
,"/home/thales/Driven/driven-projects/projeto22-paws-4-life/back-end/src/utils/bcrypt.ts": {"path":"/home/thales/Driven/driven-projects/projeto22-paws-4-life/back-end/src/utils/bcrypt.ts","statementMap":{"0":{"start":{"line":3,"column":20},"end":{"line":5,"column":1}},"1":{"start":{"line":4,"column":1},"end":{"line":4,"column":34}},"2":{"start":{"line":7,"column":29},"end":{"line":9,"column":1}},"3":{"start":{"line":8,"column":1},"end":{"line":8,"column":48}}},"fnMap":{"0":{"name":"(anonymous_0)","decl":{"start":{"line":3,"column":20},"end":{"line":3,"column":21}},"loc":{"start":{"line":3,"column":37},"end":{"line":5,"column":1}}},"1":{"name":"(anonymous_1)","decl":{"start":{"line":7,"column":29},"end":{"line":7,"column":30}},"loc":{"start":{"line":7,"column":69},"end":{"line":9,"column":1}}}},"branchMap":{},"s":{"0":2,"1":5,"2":2,"3":2},"f":{"0":5,"1":2},"b":{}}
,"/home/thales/Driven/driven-projects/projeto22-paws-4-life/back-end/tests/factories/authFactory.ts": {"path":"/home/thales/Driven/driven-projects/projeto22-paws-4-life/back-end/tests/factories/authFactory.ts","statementMap":{"0":{"start":{"line":11,"column":33},"end":{"line":17,"column":1}},"1":{"start":{"line":12,"column":1},"end":{"line":16,"column":3}},"2":{"start":{"line":19,"column":52},"end":{"line":27,"column":1}},"3":{"start":{"line":20,"column":18},"end":{"line":20,"column":43}},"4":{"start":{"line":21,"column":1},"end":{"line":26,"column":3}},"5":{"start":{"line":29,"column":33},"end":{"line":34,"column":1}},"6":{"start":{"line":30,"column":1},"end":{"line":33,"column":3}},"7":{"start":{"line":36,"column":33},"end":{"line":43,"column":2}},"8":{"start":{"line":36,"column":58},"end":{"line":43,"column":2}},"9":{"start":{"line":37,"column":1},"end":{"line":42,"column":4}},"10":{"start":{"line":45,"column":37},"end":{"line":50,"column":2}},"11":{"start":{"line":45,"column":48},"end":{"line":50,"column":2}},"12":{"start":{"line":46,"column":14},"end":{"line":46,"column":33}},"13":{"start":{"line":47,"column":29},"end":{"line":47,"column":58}},"14":{"start":{"line":48,"column":15},"end":{"line":48,"column":45}},"15":{"start":{"line":49,"column":1},"end":{"line":49,"column":30}}},"fnMap":{"0":{"name":"(anonymous_7)","decl":{"start":{"line":11,"column":33},"end":{"line":11,"column":46}},"loc":{"start":{"line":11,"column":48},"end":{"line":17,"column":1}}},"1":{"name":"(anonymous_8)","decl":{"start":{"line":19,"column":52},"end":{"line":19,"column":69}},"loc":{"start":{"line":19,"column":71},"end":{"line":27,"column":1}}},"2":{"name":"(anonymous_9)","decl":{"start":{"line":29,"column":33},"end":{"line":29,"column":48}},"loc":{"start":{"line":29,"column":50},"end":{"line":34,"column":1}}},"3":{"name":"(anonymous_10)","decl":{"start":{"line":36,"column":33},"end":{"line":36,"column":40}},"loc":{"start":{"line":36,"column":58},"end":{"line":43,"column":2}}},"4":{"name":"(anonymous_11)","decl":{"start":{"line":36,"column":58},"end":{"line":36,"column":null}},"loc":{"start":{"line":36,"column":58},"end":{"line":43,"column":1}}},"5":{"name":"(anonymous_12)","decl":{"start":{"line":45,"column":37},"end":{"line":45,"column":46}},"loc":{"start":{"line":45,"column":48},"end":{"line":50,"column":2}}},"6":{"name":"(anonymous_13)","decl":{"start":{"line":45,"column":48},"end":{"line":45,"column":null}},"loc":{"start":{"line":45,"column":48},"end":{"line":50,"column":1}}}},"branchMap":{},"s":{"0":1,"1":3,"2":1,"3":2,"4":2,"5":1,"6":0,"7":1,"8":4,"9":4,"10":1,"11":0,"12":0,"13":0,"14":0,"15":0},"f":{"0":3,"1":2,"2":0,"3":4,"4":4,"5":0,"6":0},"b":{}}
,"/home/thales/Driven/driven-projects/projeto22-paws-4-life/back-end/tests/factories/ongFactory.ts": {"path":"/home/thales/Driven/driven-projects/projeto22-paws-4-life/back-end/tests/factories/ongFactory.ts","statementMap":{"0":{"start":{"line":5,"column":30},"end":{"line":13,"column":1}},"1":{"start":{"line":6,"column":1},"end":{"line":12,"column":3}},"2":{"start":{"line":15,"column":32},"end":{"line":19,"column":2}},"3":{"start":{"line":15,"column":59},"end":{"line":19,"column":2}},"4":{"start":{"line":16,"column":1},"end":{"line":18,"column":4}}},"fnMap":{"0":{"name":"(anonymous_7)","decl":{"start":{"line":5,"column":30},"end":{"line":5,"column":42}},"loc":{"start":{"line":5,"column":44},"end":{"line":13,"column":1}}},"1":{"name":"(anonymous_8)","decl":{"start":{"line":15,"column":32},"end":{"line":15,"column":39}},"loc":{"start":{"line":15,"column":59},"end":{"line":19,"column":2}}},"2":{"name":"(anonymous_9)","decl":{"start":{"line":15,"column":59},"end":{"line":15,"column":null}},"loc":{"start":{"line":15,"column":59},"end":{"line":19,"column":1}}}},"branchMap":{},"s":{"0":1,"1":3,"2":1,"3":1,"4":1},"f":{"0":3,"1":1,"2":1},"b":{}}
,"/home/thales/Driven/driven-projects/projeto22-paws-4-life/back-end/tests/helpers/cleanDatabase.ts": {"path":"/home/thales/Driven/driven-projects/projeto22-paws-4-life/back-end/tests/helpers/cleanDatabase.ts","statementMap":{"0":{"start":{"line":3,"column":22},"end":{"line":8,"column":2}},"1":{"start":{"line":3,"column":33},"end":{"line":8,"column":2}},"2":{"start":{"line":4,"column":1},"end":{"line":4,"column":75}},"3":{"start":{"line":5,"column":1},"end":{"line":5,"column":75}},"4":{"start":{"line":6,"column":1},"end":{"line":6,"column":84}},"5":{"start":{"line":7,"column":1},"end":{"line":7,"column":74}}},"fnMap":{"0":{"name":"(anonymous_7)","decl":{"start":{"line":3,"column":22},"end":{"line":3,"column":31}},"loc":{"start":{"line":3,"column":33},"end":{"line":8,"column":2}}},"1":{"name":"(anonymous_8)","decl":{"start":{"line":3,"column":33},"end":{"line":3,"column":null}},"loc":{"start":{"line":3,"column":33},"end":{"line":8,"column":1}}}},"branchMap":{},"s":{"0":2,"1":8,"2":8,"3":8,"4":8,"5":8},"f":{"0":8,"1":8},"b":{}}
}
