TN:
SF:src/app.ts
FNF:0
FNH:0
DA:7,2
DA:9,2
DA:11,2
DA:12,2
DA:13,2
DA:14,2
LF:6
LH:6
BRF:0
BRH:0
end_of_record
TN:
SF:src/config/database.ts
FNF:0
FNH:0
DA:3,2
DA:4,2
LF:2
LH:2
BRF:0
BRH:0
end_of_record
TN:
SF:src/config/error.ts
FN:7,(anonymous_0)
FNF:1
FNH:1
FNDA:4,(anonymous_0)
DA:13,4
DA:14,4
DA:15,4
DA:16,4
LF:4
LH:4
BRDA:8,0,0,0
BRDA:9,1,0,0
BRDA:10,2,0,0
BRDA:11,3,0,0
BRF:4
BRH:0
end_of_record
TN:
SF:src/controllers/authController.ts
FN:5,(anonymous_7)
FN:5,(anonymous_8)
FN:12,(anonymous_9)
FN:12,(anonymous_10)
FNF:4
FNH:4
FNDA:2,(anonymous_7)
FNDA:2,(anonymous_8)
FNDA:3,(anonymous_9)
FNDA:3,(anonymous_10)
DA:5,2
DA:6,2
DA:7,2
DA:8,2
DA:9,1
DA:12,3
DA:13,3
DA:14,3
DA:15,1
LF:9
LH:9
BRF:0
BRH:0
end_of_record
TN:
SF:src/controllers/ongController.ts
FN:5,(anonymous_7)
FN:5,(anonymous_8)
FN:11,(anonymous_9)
FN:11,(anonymous_10)
FNF:4
FNH:2
FNDA:3,(anonymous_7)
FNDA:3,(anonymous_8)
FNDA:0,(anonymous_9)
FNDA:0,(anonymous_10)
DA:5,3
DA:6,3
DA:7,3
DA:8,2
DA:11,2
DA:12,0
DA:13,0
LF:7
LH:5
BRF:0
BRH:0
end_of_record
TN:
SF:src/controllers/postController.ts
FN:5,(anonymous_7)
FN:5,(anonymous_8)
FN:26,(anonymous_9)
FN:26,(anonymous_10)
FNF:4
FNH:0
FNDA:0,(anonymous_7)
FNDA:0,(anonymous_8)
FNDA:0,(anonymous_9)
FNDA:0,(anonymous_10)
DA:5,2
DA:6,0
DA:7,0
DA:8,0
DA:9,0
DA:10,0
DA:14,0
DA:22,0
DA:23,0
DA:26,2
DA:27,0
DA:28,0
LF:12
LH:2
BRF:0
BRH:0
end_of_record
TN:
SF:src/middlewares/errorHandlerMiddleware.ts
FN:5,errorHandler
FNF:1
FNH:1
FNDA:4,errorHandler
DA:11,4
DA:13,4
LF:2
LH:2
BRDA:13,0,0,4
BRDA:13,0,1,0
BRF:2
BRH:1
end_of_record
TN:
SF:src/middlewares/validateBearerTokenMiddleware.ts
FN:7,(anonymous_0)
FN:20,(anonymous_1)
FNF:2
FNH:0
FNDA:0,(anonymous_0)
FNDA:0,(anonymous_1)
DA:7,2
DA:12,0
DA:15,0
DA:16,0
DA:20,0
DA:23,0
DA:24,0
DA:25,0
DA:26,0
DA:27,0
DA:29,0
LF:11
LH:1
BRDA:15,0,0,0
BRF:1
BRH:0
end_of_record
TN:
SF:src/middlewares/validateSchemaMiddleware.ts
FN:6,validadeSchemaMiddleware
FN:7,(anonymous_1)
FN:14,(anonymous_2)
FNF:3
FNH:2
FNDA:8,validadeSchemaMiddleware
FNDA:8,(anonymous_1)
FNDA:0,(anonymous_2)
DA:7,8
DA:8,8
DA:9,8
DA:10,0
DA:14,0
DA:17,8
LF:6
LH:4
BRDA:9,0,0,0
BRF:1
BRH:0
end_of_record
TN:
SF:src/repositories/ongRepository.ts
FN:4,(anonymous_7)
FN:4,(anonymous_8)
FN:12,(anonymous_9)
FN:12,(anonymous_10)
FN:22,(anonymous_11)
FN:22,(anonymous_12)
FNF:6
FNH:4
FNDA:3,(anonymous_7)
FNDA:3,(anonymous_8)
FNDA:2,(anonymous_9)
FNDA:2,(anonymous_10)
FNDA:0,(anonymous_11)
FNDA:0,(anonymous_12)
DA:4,3
DA:5,3
DA:12,2
DA:13,2
DA:14,2
DA:18,0
DA:22,2
DA:23,0
LF:8
LH:6
BRF:0
BRH:0
end_of_record
TN:
SF:src/repositories/postRepository.ts
FN:4,(anonymous_7)
FN:4,(anonymous_8)
FN:14,(anonymous_9)
FN:14,(anonymous_10)
FN:20,(anonymous_11)
FN:20,(anonymous_12)
FNF:6
FNH:0
FNDA:0,(anonymous_7)
FNDA:0,(anonymous_8)
FNDA:0,(anonymous_9)
FNDA:0,(anonymous_10)
FNDA:0,(anonymous_11)
FNDA:0,(anonymous_12)
DA:4,2
DA:5,0
DA:6,0
DA:10,0
DA:14,2
DA:15,0
DA:20,2
DA:21,0
LF:8
LH:3
BRF:0
BRH:0
end_of_record
TN:
SF:src/repositories/userRepository.ts
FN:4,(anonymous_7)
FN:4,(anonymous_8)
FN:10,(anonymous_9)
FN:10,(anonymous_10)
FN:18,(anonymous_11)
FN:18,(anonymous_12)
FNF:6
FNH:4
FNDA:1,(anonymous_7)
FNDA:1,(anonymous_8)
FNDA:5,(anonymous_9)
FNDA:5,(anonymous_10)
FNDA:0,(anonymous_11)
FNDA:0,(anonymous_12)
DA:4,2
DA:5,1
DA:10,5
DA:11,5
DA:18,2
DA:19,0
LF:6
LH:5
BRF:0
BRH:0
end_of_record
TN:
SF:src/routers/authRouter.ts
FNF:0
FNH:0
DA:6,2
DA:8,2
DA:13,2
LF:3
LH:3
BRF:0
BRH:0
end_of_record
TN:
SF:src/routers/index.ts
FNF:0
FNH:0
DA:6,2
DA:8,2
DA:9,2
DA:10,2
LF:4
LH:4
BRF:0
BRH:0
end_of_record
TN:
SF:src/routers/ongRouter.ts
FNF:0
FNH:0
DA:7,2
DA:9,2
DA:15,2
LF:3
LH:3
BRF:0
BRH:0
end_of_record
TN:
SF:src/routers/postRouter.ts
FNF:0
FNH:0
DA:7,2
DA:9,2
DA:10,2
DA:15,2
LF:4
LH:4
BRF:0
BRH:0
end_of_record
TN:
SF:src/schemas/authSchema.ts
FNF:0
FNH:0
DA:3,2
DA:8,2
DA:12,2
DA:19,2
LF:4
LH:4
BRF:0
BRH:0
end_of_record
TN:
SF:src/schemas/bearerAuthorizationSchema.ts
FNF:0
FNH:0
DA:3,2
LF:1
LH:1
BRF:0
BRH:0
end_of_record
TN:
SF:src/schemas/ongSchema.ts
FNF:0
FNH:0
DA:4,2
DA:6,2
DA:14,2
LF:3
LH:3
BRF:0
BRH:0
end_of_record
TN:
SF:src/schemas/postSchema.ts
FNF:0
FNH:0
DA:3,2
DA:16,2
LF:2
LH:2
BRF:0
BRH:0
end_of_record
TN:
SF:src/services/authService.ts
FN:7,(anonymous_7)
FN:7,(anonymous_8)
FN:22,(anonymous_9)
FN:22,(anonymous_10)
FNF:4
FNH:4
FNDA:2,(anonymous_7)
FNDA:2,(anonymous_8)
FNDA:3,(anonymous_9)
FNDA:3,(anonymous_10)
DA:7,2
DA:8,2
DA:9,2
DA:10,2
DA:11,1
DA:18,1
DA:19,1
DA:22,3
DA:23,3
DA:24,3
DA:25,3
DA:26,1
DA:33,2
DA:37,2
DA:38,1
DA:45,1
DA:46,1
LF:17
LH:17
BRDA:10,0,0,1
BRDA:25,1,0,1
BRDA:37,2,0,1
BRF:3
BRH:3
end_of_record
TN:
SF:src/services/ongService.ts
FN:5,(anonymous_7)
FN:5,(anonymous_8)
FN:19,(anonymous_9)
FN:19,(anonymous_10)
FNF:4
FNH:2
FNDA:3,(anonymous_7)
FNDA:3,(anonymous_8)
FNDA:0,(anonymous_9)
FNDA:0,(anonymous_10)
DA:5,3
DA:6,3
DA:7,3
DA:8,3
DA:9,1
DA:16,2
DA:19,2
DA:20,0
DA:21,0
LF:9
LH:7
BRDA:8,0,0,1
BRF:1
BRH:1
end_of_record
TN:
SF:src/services/postService.ts
FN:4,(anonymous_7)
FN:4,(anonymous_8)
FN:8,(anonymous_9)
FN:10,(anonymous_10)
FN:15,(anonymous_11)
FN:15,(anonymous_12)
FNF:6
FNH:0
FNDA:0,(anonymous_7)
FNDA:0,(anonymous_8)
FNDA:0,(anonymous_9)
FNDA:0,(anonymous_10)
FNDA:0,(anonymous_11)
FNDA:0,(anonymous_12)
DA:4,2
DA:5,0
DA:8,2
DA:10,0
DA:11,0
DA:12,0
DA:15,2
DA:16,0
DA:17,0
LF:9
LH:3
BRF:0
BRH:0
end_of_record
TN:
SF:src/utils/JWT.ts
FN:3,(anonymous_0)
FN:9,(anonymous_1)
FNF:2
FNH:1
FNDA:1,(anonymous_0)
FNDA:0,(anonymous_1)
DA:3,2
DA:4,1
DA:9,2
DA:10,0
LF:4
LH:3
BRF:0
BRH:0
end_of_record
TN:
SF:src/utils/bcrypt.ts
FN:3,(anonymous_0)
FN:7,(anonymous_1)
FNF:2
FNH:2
FNDA:5,(anonymous_0)
FNDA:2,(anonymous_1)
DA:3,2
DA:4,5
DA:7,2
DA:8,2
LF:4
LH:4
BRF:0
BRH:0
end_of_record
TN:
SF:tests/factories/authFactory.ts
FN:11,(anonymous_7)
FN:19,(anonymous_8)
FN:29,(anonymous_9)
FN:36,(anonymous_10)
FN:36,(anonymous_11)
FN:45,(anonymous_12)
FN:45,(anonymous_13)
FNF:7
FNH:4
FNDA:3,(anonymous_7)
FNDA:2,(anonymous_8)
FNDA:0,(anonymous_9)
FNDA:4,(anonymous_10)
FNDA:4,(anonymous_11)
FNDA:0,(anonymous_12)
FNDA:0,(anonymous_13)
DA:11,1
DA:12,3
DA:19,1
DA:20,2
DA:21,2
DA:29,1
DA:30,0
DA:36,4
DA:37,4
DA:45,1
DA:46,0
DA:47,0
DA:48,0
DA:49,0
LF:14
LH:9
BRF:0
BRH:0
end_of_record
TN:
SF:tests/factories/ongFactory.ts
FN:5,(anonymous_7)
FN:15,(anonymous_8)
FN:15,(anonymous_9)
FNF:3
FNH:3
FNDA:3,(anonymous_7)
FNDA:1,(anonymous_8)
FNDA:1,(anonymous_9)
DA:5,1
DA:6,3
DA:15,1
DA:16,1
LF:4
LH:4
BRF:0
BRH:0
end_of_record
TN:
SF:tests/helpers/cleanDatabase.ts
FN:3,(anonymous_7)
FN:3,(anonymous_8)
FNF:2
FNH:2
FNDA:8,(anonymous_7)
FNDA:8,(anonymous_8)
DA:3,8
DA:4,8
DA:5,8
DA:6,8
DA:7,8
LF:5
LH:5
BRF:0
BRH:0
end_of_record
